Build started 5/30/2019 7:13:16 AM.
     1>Project "C:\Users\vishal\documents\visual studio 2013\Projects\Excel\Excel\Excel.vcxproj" on node 2 (Build target(s)).
     1>ClCompile:
         C:\Program Files (x86)\Microsoft Visual Studio 12.0\VC\bin\CL.exe /c /ZI /nologo /W3 /WX- /sdl /Od /Oy- /D _CRT_SECURE_NO_WARNINGS /D _MBCS /Gm /EHsc /RTC1 /MDd /GS /fp:precise /Zc:wchar_t /Zc:forScope /Fo"Debug\\" /Fd"Debug\vc120.pdb" /Gd /TP /analyze- /errorReport:prompt command.cpp
         command.cpp
     1>c:\users\vishal\documents\visual studio 2013\projects\excel\excel\command.cpp(88): warning C4244: '=' : conversion from '__int64' to 'int', possible loss of data
     1>c:\users\vishal\documents\visual studio 2013\projects\excel\excel\command.cpp(95): warning C4244: '=' : conversion from '__int64' to 'int', possible loss of data
     1>c:\users\vishal\documents\visual studio 2013\projects\excel\excel\command.cpp(100): warning C4244: '=' : conversion from '__int64' to 'int', possible loss of data
     1>c:\users\vishal\documents\visual studio 2013\projects\excel\excel\command.cpp(107): warning C4244: '=' : conversion from '__int64' to 'int', possible loss of data
     1>c:\users\vishal\documents\visual studio 2013\projects\excel\excel\command.cpp(118): warning C4244: 'return' : conversion from '__int64' to 'int', possible loss of data
     1>c:\users\vishal\documents\visual studio 2013\projects\excel\excel\command.cpp(311): warning C4258: 'i' : definition from the for loop is ignored; the definition from the enclosing scope is used
                 c:\users\vishal\documents\visual studio 2013\projects\excel\excel\command.cpp(307) : definition of 'i' ignored
                 c:\users\vishal\documents\visual studio 2013\projects\excel\excel\command.cpp(282) : definition of 'i' used
     1>c:\users\vishal\documents\visual studio 2013\projects\excel\excel\command.cpp(312): warning C4258: 'i' : definition from the for loop is ignored; the definition from the enclosing scope is used
                 c:\users\vishal\documents\visual studio 2013\projects\excel\excel\command.cpp(307) : definition of 'i' ignored
                 c:\users\vishal\documents\visual studio 2013\projects\excel\excel\command.cpp(282) : definition of 'i' used
       Link:
         C:\Program Files (x86)\Microsoft Visual Studio 12.0\VC\bin\link.exe /ERRORREPORT:PROMPT /OUT:"C:\Users\vishal\documents\visual studio 2013\Projects\Excel\Debug\Excel.exe" /INCREMENTAL /NOLOGO kernel32.lib user32.lib gdi32.lib winspool.lib comdlg32.lib advapi32.lib shell32.lib ole32.lib oleaut32.lib uuid.lib odbc32.lib odbccp32.lib /MANIFEST /MANIFESTUAC:"level='asInvoker' uiAccess='false'" /manifest:embed /DEBUG /PDB:"C:\Users\vishal\documents\visual studio 2013\Projects\Excel\Debug\Excel.pdb" /TLBID:1 /DYNAMICBASE /NXCOMPAT /IMPLIB:"C:\Users\vishal\documents\visual studio 2013\Projects\Excel\Debug\Excel.lib" /MACHINE:X86 Debug\analyzer.obj
         Debug\command.obj
         Debug\excel.obj
         Debug\expressionEvaluator.obj
         Debug\main.obj
         Debug\stack.obj
         Debug\structures.obj
         Debug\tokenizer.obj
         Excel.vcxproj -> C:\Users\vishal\documents\visual studio 2013\Projects\Excel\Debug\Excel.exe
     1>Done Building Project "C:\Users\vishal\documents\visual studio 2013\Projects\Excel\Excel\Excel.vcxproj" (Build target(s)).

Build succeeded.

Time Elapsed 00:00:00.80
