c:\users\vishal\documents\visual studio 2013\projects\examp\examp\debug\vc120.pdb
c:\users\vishal\documents\visual studio 2013\projects\examp\examp\debug\vc120.idb
c:\users\vishal\documents\visual studio 2013\projects\examp\examp\debug\first.obj
c:\users\vishal\documents\visual studio 2013\projects\examp\examp\debug\linkedlistkswap.obj
c:\users\vishal\documents\visual studio 2013\projects\examp\examp\debug\matrix transpose.obj
c:\users\vishal\documents\visual studio 2013\projects\examp\examp\debug\spiral.obj
c:\users\vishal\documents\visual studio 2013\projects\examp\examp\debug\twoandthreecolorsort.obj
c:\users\vishal\documents\visual studio 2013\projects\examp\examp\debug\copynodesanddata.obj
c:\users\vishal\documents\visual studio 2013\projects\examp\examp\debug\mergesortarray.obj
c:\users\vishal\documents\visual studio 2013\projects\examp\examp\debug\sumofarrayrecursion.obj
c:\users\vishal\documents\visual studio 2013\projects\examp\examp\debug\fibo.obj
c:\users\vishal\documents\visual studio 2013\projects\examp\examp\debug\power.obj
c:\users\vishal\documents\visual studio 2013\projects\examp\examp\debug\printtolengthfromone.obj
c:\users\vishal\documents\visual studio 2013\projects\examp\examp\debug\staircase.obj
c:\users\vishal\documents\visual studio 2013\projects\examp\examp\debug\permutations.obj
c:\users\vishal\documents\visual studio 2013\projects\examp\examp\debug\set2-2.obj
c:\users\vishal\documents\visual studio 2013\projects\examp\examp\debug\find the words.obj
c:\users\vishal\documents\visual studio 2013\projects\examp\examp\debug\fibomatrix.obj
c:\users\vishal\documents\visual studio 2013\projects\examp\debug\examp.ilk
c:\users\vishal\documents\visual studio 2013\projects\examp\debug\examp.exe
c:\users\vishal\documents\visual studio 2013\projects\examp\debug\examp.pdb
c:\users\vishal\documents\visual studio 2013\projects\examp\examp\debug\examp.tlog\cl.command.1.tlog
c:\users\vishal\documents\visual studio 2013\projects\examp\examp\debug\examp.tlog\cl.read.1.tlog
c:\users\vishal\documents\visual studio 2013\projects\examp\examp\debug\examp.tlog\cl.write.1.tlog
c:\users\vishal\documents\visual studio 2013\projects\examp\examp\debug\examp.tlog\link.command.1.tlog
c:\users\vishal\documents\visual studio 2013\projects\examp\examp\debug\examp.tlog\link.read.1.tlog
c:\users\vishal\documents\visual studio 2013\projects\examp\examp\debug\examp.tlog\link.write.1.tlog
