Build started 5/29/2019 6:40:42 PM.
     1>Project "C:\Users\vishal\Documents\Visual Studio 2013\Projects\examp\examp\examp.vcxproj" on node 2 (Build target(s)).
     1>ClCompile:
         C:\Program Files (x86)\Microsoft Visual Studio 12.0\VC\bin\CL.exe /c /ZI /nologo /W3 /WX- /sdl /Od /Oy- /D _CRT_SECURE_NO_WARNINGS /D _MBCS /Gm /EHsc /RTC1 /MDd /GS /fp:precise /Zc:wchar_t /Zc:forScope /Fo"Debug\\" /Fd"Debug\vc120.pdb" /Gd /TP /analyze- /errorReport:prompt MergeSortDLL.cpp
         MergeSortDLL.cpp
       Link:
         C:\Program Files (x86)\Microsoft Visual Studio 12.0\VC\bin\link.exe /ERRORREPORT:PROMPT /OUT:"C:\Users\vishal\Documents\Visual Studio 2013\Projects\examp\Debug\examp.exe" /INCREMENTAL /NOLOGO kernel32.lib user32.lib gdi32.lib winspool.lib comdlg32.lib advapi32.lib shell32.lib ole32.lib oleaut32.lib uuid.lib odbc32.lib odbccp32.lib /MANIFEST /MANIFESTUAC:"level='asInvoker' uiAccess='false'" /manifest:embed /DEBUG /PDB:"C:\Users\vishal\Documents\Visual Studio 2013\Projects\examp\Debug\examp.pdb" /TLBID:1 /DYNAMICBASE /NXCOMPAT /IMPLIB:"C:\Users\vishal\Documents\Visual Studio 2013\Projects\examp\Debug\examp.lib" /MACHINE:X86 Debug\copyNodesandData.obj
         Debug\fibo.obj
         Debug\fiboMatrix.obj
         "Debug\find the words.obj"
         Debug\linkedListKSwap.obj
         Debug\LoopDetectionLinkedList.obj
         "Debug\Matrix Transpose.obj"
         Debug\MergeSortArray.obj
         Debug\MergeSortDLL.obj
         Debug\permutations.obj
         Debug\PermutationsWithoutRepetition.obj
         Debug\power.obj
         Debug\PrintToLengthFromOne.obj
         Debug\Spiral.obj
         Debug\StairCase.obj
         Debug\SumOfArrayRecursion.obj
         Debug\SumOfLinkedLists.obj
         Debug\TwoAndThreeColorSort.obj
         examp.vcxproj -> C:\Users\vishal\Documents\Visual Studio 2013\Projects\examp\Debug\examp.exe
     1>Done Building Project "C:\Users\vishal\Documents\Visual Studio 2013\Projects\examp\examp\examp.vcxproj" (Build target(s)).

Build succeeded.

Time Elapsed 00:00:00.58
